[2026-07-07 06:55:24 UTC] TELEPORT lat=23.139024 lon=113.276205 alt=508.0ft
[2026-07-07 06:55:25 UTC] TRIGGER dist=1.4m alt=508.3ft lat=23.139027 lon=113.276218
[2026-07-07 06:55:25 UTC] WIND_APPLIED 25.0kt @ 270.0deg
[2026-07-07 08:24:24 UTC] TELEPORT lat=23.139024 lon=113.276205 alt=508.0ft
[2026-07-07 08:24:57 UTC] TELEPORT lat=23.139024 lon=113.276205 alt=508.0ft
[2026-07-07 08:24:58 UTC] TRIGGER dist=0.4m alt=504.8ft lat=23.139024 lon=113.276209
[2026-07-07 08:24:58 UTC] WIND_APPLIED 50.0kt @ 270.0deg
[2026-07-07 08:25:30 UTC] TELEPORT lat=23.139024 lon=113.276205 alt=508.0ft
[2026-07-07 08:25:31 UTC] TRIGGER dist=0.9m alt=505.6ft lat=23.139016 lon=113.276207
[2026-07-07 08:25:31 UTC] WIND_APPLIED 50.0kt @ 270.0deg
[2026-07-07 08:41:57 UTC] TELEPORT_RESTORE lat=23.137925 lon=113.275666 alt=618.4ft
[2026-07-07 08:42:41 UTC] TRIGGER dist=9.7m alt=441.4ft lat=23.139036 lon=113.276152
[2026-07-07 08:42:41 UTC] WIND_APPLIED 50.0kt @ 270.0deg
[2026-07-07 08:46:30 UTC] TELEPORT_RESTORE lat=23.137925 lon=113.275666 alt=618.4ft
[2026-07-07 08:46:53 UTC] TRIGGER dist=49.9m alt=527.3ft lat=23.138684 lon=113.276022
[2026-07-07 08:46:54 UTC] WIND_APPLY_FAILED target=50.0kt (DevKit 无法写入 MSFS 风速)
[2026-07-07 09:35:06 UTC] TELEPORT_RESTORE lat=23.137925 lon=113.275666 alt=618.4ft
[2026-07-07 09:47:54 UTC] TELEPORT_RESTORE lat=23.135690 lon=113.274967 alt=782.3ft
[2026-07-07 09:48:29 UTC] TELEPORT_RESTORE lat=23.135690 lon=113.274967 alt=782.3ft
[2026-07-08 06:51:40 UTC] TELEPORT_RESTORE lat=23.135712 lon=113.274927 alt=800.0ft
[2026-07-08 06:57:25 UTC] TELEPORT_RESTORE lat=23.135712 lon=113.274927 alt=800.0ft
[2026-07-08 06:57:37 UTC] TELEPORT_RESTORE lat=23.135712 lon=113.274927 alt=800.0ft
[2026-07-08 06:58:53 UTC] TELEPORT_RESTORE lat=23.135712 lon=113.274927 alt=800.0ft
[2026-07-08 06:59:13 UTC] TELEPORT_RESTORE lat=23.135712 lon=113.274927 alt=800.0ft
[2026-07-08 06:59:34 UTC] TELEPORT_RESTORE lat=23.135712 lon=113.274927 alt=800.0ft
[2026-07-08 07:00:17 UTC] TELEPORT_RESTORE lat=23.135712 lon=113.274927 alt=800.0ft
[2026-07-08 07:02:20 UTC] TELEPORT_RESTORE lat=23.135712 lon=113.274927 alt=800.0ft
[2026-07-08 07:07:19 UTC] TELEPORT_RESTORE lat=23.135712 lon=113.274927 alt=800.0ft
[2026-07-08 07:09:54 UTC] SAVE_HEADING hdg=0.34
[2026-07-08 07:14:16 UTC] TELEPORT_RESTORE lat=23.135712 lon=113.274927 alt=800.0ft
[2026-07-08 07:31:51 UTC] TELEPORT_RESTORE lat=23.135712 lon=113.274927 alt=800.0ft
[2026-07-08 07:44:39 UTC] TELEPORT_RESTORE lat=23.135712 lon=113.274927 alt=800.0ft
[2026-07-08 07:44:57 UTC] TELEPORT_RESTORE lat=23.135712 lon=113.274927 alt=800.0ft
[2026-07-08 07:45:10 UTC] TELEPORT_RESTORE lat=23.135712 lon=113.274927 alt=800.0ft
[2026-07-08 07:47:58 UTC] TELEPORT_RESTORE lat=23.135712 lon=113.274927 alt=800.0ft
